2021-09-27 17:56:41,865 DEBUG    root            Loaded Command Group: ['gcloud', 'version']
2021-09-27 17:56:41,870 DEBUG    root            Running [gcloud.version] with arguments: [--format: "json"]
2021-09-27 17:56:41,905 INFO     root            Display format: "flattened[no-pad,separator=" "] json"
2021-09-27 17:56:41,917 INFO     ___FILE_ONLY___ {
  "Google Cloud SDK": "358.0.0",
  "alpha": "2021.09.17",
  "app-engine-go": "1.9.71",
  "app-engine-java": "1.9.91",
  "app-engine-python": "1.9.94",
  "app-engine-python-extras": "1.9.94",
  "beta": "2021.09.17",
  "bigtable": "",
  "bq": "2.0.71",
  "cbt": "0.10.1",
  "cloud-build-local": "0.5.2",
  "cloud-datastore-emulator": "2.1.0",
  "core": "2021.09.17",
  "datalab": "20190610",
  "gsutil": "4.68",
  "kind": "0.7.0",
  "kpt": "1.0.0-beta.4",
  "local-extract": "1.3.1",
  "minikube": "1.23.0",
  "pubsub-emulator": "0.5.0",
  "skaffold": "1.32.0"
}
2021-09-27 17:56:41,917 INFO     ___FILE_ONLY___ 

